[0928/224507:WARNING:resource_bundle.cc(304)] locale_file_path.empty()
[0928/224507:ERROR:main_delegate.cc(564)] Could not load locale pak for en-US
[0928/224507:ERROR:main_delegate.cc(571)] Could not load cef.pak
[0928/224507:ERROR:main_delegate.cc(588)] Could not load cef_100_percent.pak
[0928/224507:WARNING:resource_bundle.cc(497)] locale resources are not loaded
[0928/224507:WARNING:resource_bundle.cc(304)] locale_file_path.empty()
[0928/224507:ERROR:main_delegate.cc(564)] Could not load locale pak for en-US
[0928/224507:ERROR:main_delegate.cc(571)] Could not load cef.pak
[0928/224507:ERROR:main_delegate.cc(588)] Could not load cef_100_percent.pak
[0928/224507:WARNING:resource_bundle.cc(497)] locale resources are not loaded
[0928/224507:WARNING:resource_bundle.cc(304)] locale_file_path.empty()
[0928/224507:ERROR:main_delegate.cc(564)] Could not load locale pak for en-US
[0928/224507:ERROR:main_delegate.cc(571)] Could not load cef.pak
[0928/224507:ERROR:main_delegate.cc(588)] Could not load cef_100_percent.pak
[0928/224507:WARNING:resource_bundle.cc(304)] locale_file_path.empty()
[0928/224507:ERROR:main_delegate.cc(564)] Could not load locale pak for en-US
[0928/224507:ERROR:main_delegate.cc(571)] Could not load cef.pak
[0928/224507:ERROR:main_delegate.cc(588)] Could not load cef_100_percent.pak
[0928/224508:WARNING:resource_bundle.cc(304)] locale_file_path.empty()
[0928/224508:ERROR:main_delegate.cc(564)] Could not load locale pak for en-US
[0928/224508:ERROR:main_delegate.cc(571)] Could not load cef.pak
[0928/224508:ERROR:main_delegate.cc(588)] Could not load cef_100_percent.pak
[0928/224508:WARNING:resource_bundle.cc(497)] locale resources are not loaded
[0928/224508:WARNING:resource_bundle.cc(304)] locale_file_path.empty()
[0928/224508:ERROR:main_delegate.cc(564)] Could not load locale pak for en-US
[0928/224508:ERROR:main_delegate.cc(571)] Could not load cef.pak
[0928/224508:ERROR:main_delegate.cc(588)] Could not load cef_100_percent.pak
[0928/224512:WARNING:resource_bundle.cc(304)] locale_file_path.empty()
[0928/224512:ERROR:main_delegate.cc(564)] Could not load locale pak for en-US
[0928/224512:ERROR:main_delegate.cc(571)] Could not load cef.pak
[0928/224512:ERROR:main_delegate.cc(588)] Could not load cef_100_percent.pak
[0928/224513:WARNING:resource_bundle.cc(497)] locale resources are not loaded
[0928/224513:WARNING:resource_bundle.cc(304)] locale_file_path.empty()
[0928/224513:ERROR:main_delegate.cc(564)] Could not load locale pak for en-US
[0928/224513:ERROR:main_delegate.cc(571)] Could not load cef.pak
[0928/224513:ERROR:main_delegate.cc(588)] Could not load cef_100_percent.pak
[0928/224517:WARNING:resource_bundle.cc(304)] locale_file_path.empty()
[0928/224517:ERROR:main_delegate.cc(564)] Could not load locale pak for en-US
[0928/224517:ERROR:main_delegate.cc(571)] Could not load cef.pak
[0928/224517:ERROR:main_delegate.cc(588)] Could not load cef_100_percent.pak
[0928/224517:ERROR:renderer_main.cc(207)] Running without renderer sandbox
[0928/224518:WARNING:resource_bundle.cc(304)] locale_file_path.empty()
[0928/224518:ERROR:main_delegate.cc(564)] Could not load locale pak for en-US
[0928/224518:ERROR:main_delegate.cc(571)] Could not load cef.pak
[0928/224518:ERROR:main_delegate.cc(588)] Could not load cef_100_percent.pak
[0928/224518:ERROR:renderer_main.cc(207)] Running without renderer sandbox
[0928/224518:WARNING:resource_bundle.cc(304)] locale_file_path.empty()
[0928/224518:ERROR:main_delegate.cc(564)] Could not load locale pak for en-US
[0928/224518:ERROR:main_delegate.cc(571)] Could not load cef.pak
[0928/224518:ERROR:main_delegate.cc(588)] Could not load cef_100_percent.pak
[0928/224518:ERROR:renderer_main.cc(207)] Running without renderer sandbox
[0928/224519:WARNING:resource_bundle.cc(304)] locale_file_path.empty()
[0928/224519:ERROR:main_delegate.cc(564)] Could not load locale pak for en-US
[0928/224519:ERROR:main_delegate.cc(571)] Could not load cef.pak
[0928/224519:ERROR:main_delegate.cc(588)] Could not load cef_100_percent.pak
[0928/224519:ERROR:renderer_main.cc(207)] Running without renderer sandbox
[0928/224520:WARNING:resource_bundle.cc(304)] locale_file_path.empty()
[0928/224520:ERROR:main_delegate.cc(564)] Could not load locale pak for en-US
[0928/224520:ERROR:main_delegate.cc(571)] Could not load cef.pak
[0928/224520:ERROR:main_delegate.cc(588)] Could not load cef_100_percent.pak
[0928/224520:ERROR:renderer_main.cc(207)] Running without renderer sandbox
[0928/224521:WARNING:resource_bundle.cc(304)] locale_file_path.empty()
[0928/224521:ERROR:main_delegate.cc(564)] Could not load locale pak for en-US
[0928/224521:ERROR:main_delegate.cc(571)] Could not load cef.pak
[0928/224521:ERROR:main_delegate.cc(588)] Could not load cef_100_percent.pak
[0928/224521:ERROR:renderer_main.cc(207)] Running without renderer sandbox
[0928/224525:WARNING:resource_bundle.cc(304)] locale_file_path.empty()
[0928/224525:ERROR:main_delegate.cc(564)] Could not load locale pak for en-US
[0928/224525:ERROR:main_delegate.cc(571)] Could not load cef.pak
[0928/224525:ERROR:main_delegate.cc(588)] Could not load cef_100_percent.pak
[0928/224525:ERROR:renderer_main.cc(207)] Running without renderer sandbox
[0928/224525:WARNING:resource_bundle.cc(304)] locale_file_path.empty()
[0928/224525:ERROR:main_delegate.cc(564)] Could not load locale pak for en-US
[0928/224525:ERROR:main_delegate.cc(571)] Could not load cef.pak
[0928/224525:ERROR:main_delegate.cc(588)] Could not load cef_100_percent.pak
[0928/224526:ERROR:renderer_main.cc(207)] Running without renderer sandbox
[0928/230542:WARNING:resource_bundle.cc(304)] locale_file_path.empty()
[0928/230542:ERROR:main_delegate.cc(564)] Could not load locale pak for en-US
[0928/230542:ERROR:main_delegate.cc(571)] Could not load cef.pak
[0928/230542:ERROR:main_delegate.cc(588)] Could not load cef_100_percent.pak
[0928/230543:WARNING:resource_bundle.cc(497)] locale resources are not loaded
[0928/230543:WARNING:resource_bundle.cc(304)] locale_file_path.empty()
[0928/230543:ERROR:main_delegate.cc(564)] Could not load locale pak for en-US
[0928/230543:ERROR:main_delegate.cc(571)] Could not load cef.pak
[0928/230543:ERROR:main_delegate.cc(588)] Could not load cef_100_percent.pak
[0928/230544:WARNING:resource_bundle.cc(304)] locale_file_path.empty()
[0928/230544:ERROR:main_delegate.cc(564)] Could not load locale pak for en-US
[0928/230544:ERROR:main_delegate.cc(571)] Could not load cef.pak
[0928/230544:ERROR:main_delegate.cc(588)] Could not load cef_100_percent.pak
[0928/230544:WARNING:resource_bundle.cc(497)] locale resources are not loaded
[0928/230544:WARNING:resource_bundle.cc(304)] locale_file_path.empty()
[0928/230544:ERROR:main_delegate.cc(564)] Could not load locale pak for en-US
[0928/230544:ERROR:main_delegate.cc(571)] Could not load cef.pak
[0928/230544:ERROR:main_delegate.cc(588)] Could not load cef_100_percent.pak
[0928/230545:WARNING:resource_bundle.cc(497)] locale resources are not loaded
[0928/230545:WARNING:resource_bundle.cc(304)] locale_file_path.empty()
[0928/230545:ERROR:main_delegate.cc(564)] Could not load locale pak for en-US
[0928/230545:ERROR:main_delegate.cc(571)] Could not load cef.pak
[0928/230545:ERROR:main_delegate.cc(588)] Could not load cef_100_percent.pak
[0928/230545:WARNING:resource_bundle.cc(304)] locale_file_path.empty()
[0928/230545:ERROR:main_delegate.cc(564)] Could not load locale pak for en-US
[0928/230545:ERROR:main_delegate.cc(571)] Could not load cef.pak
[0928/230545:ERROR:main_delegate.cc(588)] Could not load cef_100_percent.pak
[0928/230545:WARNING:resource_bundle.cc(304)] locale_file_path.empty()
[0928/230545:ERROR:main_delegate.cc(564)] Could not load locale pak for en-US
[0928/230545:ERROR:main_delegate.cc(571)] Could not load cef.pak
[0928/230545:ERROR:main_delegate.cc(588)] Could not load cef_100_percent.pak
[0928/230545:WARNING:resource_bundle.cc(497)] locale resources are not loaded
[0928/230546:WARNING:resource_bundle.cc(304)] locale_file_path.empty()
[0928/230546:ERROR:main_delegate.cc(564)] Could not load locale pak for en-US
[0928/230546:ERROR:main_delegate.cc(571)] Could not load cef.pak
[0928/230546:ERROR:main_delegate.cc(588)] Could not load cef_100_percent.pak
[0928/230553:WARNING:resource_bundle.cc(304)] locale_file_path.empty()
[0928/230553:ERROR:main_delegate.cc(564)] Could not load locale pak for en-US
[0928/230553:ERROR:main_delegate.cc(571)] Could not load cef.pak
[0928/230553:ERROR:main_delegate.cc(588)] Could not load cef_100_percent.pak
[0928/230553:ERROR:renderer_main.cc(207)] Running without renderer sandbox
[0928/230553:WARNING:resource_bundle.cc(304)] locale_file_path.empty()
[0928/230553:ERROR:main_delegate.cc(564)] Could not load locale pak for en-US
[0928/230553:ERROR:main_delegate.cc(571)] Could not load cef.pak
[0928/230553:ERROR:main_delegate.cc(588)] Could not load cef_100_percent.pak
[0928/230553:ERROR:renderer_main.cc(207)] Running without renderer sandbox
[0928/230553:WARNING:resource_bundle.cc(304)] locale_file_path.empty()
[0928/230553:ERROR:main_delegate.cc(564)] Could not load locale pak for en-US
[0928/230553:ERROR:main_delegate.cc(571)] Could not load cef.pak
[0928/230553:ERROR:main_delegate.cc(588)] Could not load cef_100_percent.pak
[0928/230553:WARNING:resource_bundle.cc(304)] locale_file_path.empty()
[0928/230553:ERROR:main_delegate.cc(564)] Could not load locale pak for en-US
[0928/230553:ERROR:main_delegate.cc(571)] Could not load cef.pak
[0928/230553:ERROR:main_delegate.cc(588)] Could not load cef_100_percent.pak
[0928/230553:ERROR:renderer_main.cc(207)] Running without renderer sandbox
[0928/230553:ERROR:renderer_main.cc(207)] Running without renderer sandbox
[0928/230554:WARNING:resource_bundle.cc(304)] locale_file_path.empty()
[0928/230554:ERROR:main_delegate.cc(564)] Could not load locale pak for en-US
[0928/230554:ERROR:main_delegate.cc(571)] Could not load cef.pak
[0928/230554:ERROR:main_delegate.cc(588)] Could not load cef_100_percent.pak
[0928/230554:ERROR:renderer_main.cc(207)] Running without renderer sandbox
[0928/230554:WARNING:resource_bundle.cc(304)] locale_file_path.empty()
[0928/230554:ERROR:main_delegate.cc(564)] Could not load locale pak for en-US
[0928/230554:ERROR:main_delegate.cc(571)] Could not load cef.pak
[0928/230554:ERROR:main_delegate.cc(588)] Could not load cef_100_percent.pak
[0928/230554:ERROR:renderer_main.cc(207)] Running without renderer sandbox
[0928/230623:WARNING:resource_bundle.cc(304)] locale_file_path.empty()
[0928/230623:ERROR:main_delegate.cc(564)] Could not load locale pak for en-US
[0928/230623:ERROR:main_delegate.cc(571)] Could not load cef.pak
[0928/230623:ERROR:main_delegate.cc(588)] Could not load cef_100_percent.pak
[0928/230623:WARNING:resource_bundle.cc(497)] locale resources are not loaded
[0928/230623:WARNING:resource_bundle.cc(304)] locale_file_path.empty()
[0928/230623:ERROR:main_delegate.cc(564)] Could not load locale pak for en-US
[0928/230623:ERROR:main_delegate.cc(571)] Could not load cef.pak
[0928/230623:ERROR:main_delegate.cc(588)] Could not load cef_100_percent.pak
[0928/230628:WARNING:resource_bundle.cc(304)] locale_file_path.empty()
[0928/230628:ERROR:main_delegate.cc(564)] Could not load locale pak for en-US
[0928/230628:ERROR:main_delegate.cc(571)] Could not load cef.pak
[0928/230628:ERROR:main_delegate.cc(588)] Could not load cef_100_percent.pak
[0928/230628:ERROR:renderer_main.cc(207)] Running without renderer sandbox
[0928/230629:WARNING:resource_bundle.cc(304)] locale_file_path.empty()
[0928/230629:ERROR:main_delegate.cc(564)] Could not load locale pak for en-US
[0928/230629:ERROR:main_delegate.cc(571)] Could not load cef.pak
[0928/230629:ERROR:main_delegate.cc(588)] Could not load cef_100_percent.pak
[0928/230629:ERROR:renderer_main.cc(207)] Running without renderer sandbox
[0928/230814:WARNING:resource_bundle.cc(304)] locale_file_path.empty()
[0928/230814:ERROR:main_delegate.cc(564)] Could not load locale pak for en-US
[0928/230814:ERROR:main_delegate.cc(571)] Could not load cef.pak
[0928/230814:ERROR:main_delegate.cc(588)] Could not load cef_100_percent.pak
[0928/230814:WARNING:resource_bundle.cc(497)] locale resources are not loaded
[0928/230814:WARNING:resource_bundle.cc(304)] locale_file_path.empty()
[0928/230814:ERROR:main_delegate.cc(564)] Could not load locale pak for en-US
[0928/230814:ERROR:main_delegate.cc(571)] Could not load cef.pak
[0928/230814:ERROR:main_delegate.cc(588)] Could not load cef_100_percent.pak
[0928/230818:WARNING:resource_bundle.cc(304)] locale_file_path.empty()
[0928/230818:ERROR:main_delegate.cc(564)] Could not load locale pak for en-US
[0928/230818:ERROR:main_delegate.cc(571)] Could not load cef.pak
[0928/230818:ERROR:main_delegate.cc(588)] Could not load cef_100_percent.pak
[0928/230818:WARNING:resource_bundle.cc(497)] locale resources are not loaded
[0928/230818:WARNING:resource_bundle.cc(304)] locale_file_path.empty()
[0928/230818:ERROR:main_delegate.cc(564)] Could not load locale pak for en-US
[0928/230818:ERROR:main_delegate.cc(571)] Could not load cef.pak
[0928/230818:ERROR:main_delegate.cc(588)] Could not load cef_100_percent.pak
[0928/230823:WARNING:resource_bundle.cc(304)] locale_file_path.empty()
[0928/230823:ERROR:main_delegate.cc(564)] Could not load locale pak for en-US
[0928/230823:ERROR:main_delegate.cc(571)] Could not load cef.pak
[0928/230823:ERROR:main_delegate.cc(588)] Could not load cef_100_percent.pak
[0928/230823:ERROR:renderer_main.cc(207)] Running without renderer sandbox
[0928/230824:WARNING:resource_bundle.cc(304)] locale_file_path.empty()
[0928/230824:ERROR:main_delegate.cc(564)] Could not load locale pak for en-US
[0928/230824:ERROR:main_delegate.cc(571)] Could not load cef.pak
[0928/230824:ERROR:main_delegate.cc(588)] Could not load cef_100_percent.pak
[0928/230824:ERROR:renderer_main.cc(207)] Running without renderer sandbox
[0928/230851:WARNING:resource_bundle.cc(304)] locale_file_path.empty()
[0928/230851:ERROR:main_delegate.cc(564)] Could not load locale pak for en-US
[0928/230851:ERROR:main_delegate.cc(571)] Could not load cef.pak
[0928/230851:ERROR:main_delegate.cc(588)] Could not load cef_100_percent.pak
[0928/230851:WARNING:resource_bundle.cc(497)] locale resources are not loaded
[0928/230851:WARNING:resource_bundle.cc(304)] locale_file_path.empty()
[0928/230851:ERROR:main_delegate.cc(564)] Could not load locale pak for en-US
[0928/230851:ERROR:main_delegate.cc(571)] Could not load cef.pak
[0928/230851:ERROR:main_delegate.cc(588)] Could not load cef_100_percent.pak
[0928/230851:WARNING:resource_bundle.cc(497)] locale resources are not loaded
[0928/230851:WARNING:resource_bundle.cc(304)] locale_file_path.empty()
[0928/230851:ERROR:main_delegate.cc(564)] Could not load locale pak for en-US
[0928/230851:ERROR:main_delegate.cc(571)] Could not load cef.pak
[0928/230851:ERROR:main_delegate.cc(588)] Could not load cef_100_percent.pak
[0928/230852:WARNING:resource_bundle.cc(304)] locale_file_path.empty()
[0928/230852:ERROR:main_delegate.cc(564)] Could not load locale pak for en-US
[0928/230852:ERROR:main_delegate.cc(571)] Could not load cef.pak
[0928/230852:ERROR:main_delegate.cc(588)] Could not load cef_100_percent.pak
